<?xml version="1.0" encoding="UTF-8"?>
<testsuite xmlns:xsi="http://www.w3.org/2001/XMLSchema-instance" xsi:noNamespaceSchemaLocation="https://maven.apache.org/surefire/maven-surefire-plugin/xsd/surefire-test-report-3.0.xsd" version="3.0" name="ListaEstaticaTeste" time="0.061" tests="11" errors="0" skipped="0" failures="0">
  <properties>
[...]
</properties>
  <testcase name="testInverterPar" classname="ListaEstaticaTeste" time="0.027"/>
  <testcase name="testObterElemento" classname="ListaEstaticaTeste" time="0.001"/>
  <testcase name="testGetTamanho" classname="ListaEstaticaTeste" time="0.001"/>
  <testcase name="testLiberar" classname="ListaEstaticaTeste" time="0.001"/>
  <testcase name="testBuscarExistente" classname="ListaEstaticaTeste" time="0.001"/>
  <testcase name="testObterElementoExcecao" classname="ListaEstaticaTeste" time="0.005"/>
  <testcase name="testBuscarInexistente" classname="ListaEstaticaTeste" time="0.001"/>
  <testcase name="testRetirar" classname="ListaEstaticaTeste" time="0.001"/>
  <testcase name="testInverterImpar" classname="ListaEstaticaTeste" time="0.001"/>
  <testcase name="testInclusaoComRedimensionamento" classname="ListaEstaticaTeste" time="0.0"/>
  <testcase name="testInserir" classname="ListaEstaticaTeste" time="0.0"/>
</testsuite>